{"message":"Successfully connected to mongodb://127.0.0.1:27017/shop","level":"info"}
{"message":"- Added page: /","level":"info"}
{"message":"- Added page: /checkout","level":"info"}
{"message":"- Added page: /checkout-success","level":"info"}
{"message":"- Added page: /about","level":"info"}
{"message":"- Added page: /login","level":"info"}
{"message":"- Added page: /register","level":"info"}
{"message":"- Added page: /customer-account","level":"info"}
{"message":"- Added page: /forgot-password","level":"info"}
{"message":"- Added page: /reset-password","level":"info"}
{"message":"- Added products","level":"info"}
{"message":"- Added email template for Order Confirmation","level":"info"}
{"message":"- Added email template for Order Confirmation","level":"info"}
{"message":"- Added email template for Order Confirmation","level":"info"}
{"message":"- Added email template for Order Confirmation","level":"info"}
{"message":"- Added email template for Order Confirmation","level":"info"}
{"message":"- Added shipping method","level":"info"}
{"message":"- Added payment method","level":"info"}
{"message":"- Created indexes for: pages","level":"info"}
{"message":"- Created indexes for: productCategories","level":"info"}
{"message":"- Created indexes for: products","level":"info"}
{"message":"- Created indexes for: customers","level":"info"}
{"message":"- Created indexes for: orders","level":"info"}
{"message":"- Added token with email: vam@test.com","level":"info"}
{"message":"- Set domain: http://localhost:3000","level":"info"}
